This file contains any messages produced by compilers while
running configure, to aid debugging if configure makes a mistake.

It was created by tp_algo configure 2015-11-23, which was
generated by GNU Autoconf 2.69.  Invocation command line was

  $ ./configure 

## --------- ##
## Platform. ##
## --------- ##

hostname = workstation
uname -m = x86_64
uname -r = 15.0.0
uname -s = Darwin
uname -v = Darwin Kernel Version 15.0.0: Sat Sep 19 15:53:46 PDT 2015; root:xnu-3247.10.11~1/RELEASE_X86_64

/usr/bin/uname -p = i386
/bin/uname -X     = unknown

/bin/arch              = unknown
/usr/bin/arch -k       = unknown
/usr/convex/getsysinfo = unknown
/usr/bin/hostinfo      = Mach kernel version:
	 Darwin Kernel Version 15.0.0: Sat Sep 19 15:53:46 PDT 2015; root:xnu-3247.10.11~1/RELEASE_X86_64
Kernel configured for up to 4 processors.
2 processors are physically available.
4 processors are logically available.
Processor type: x86_64h (Intel x86-64h Haswell)
Processors active: 0 1 2 3
Primary memory available: 4.00 gigabytes
Default processor set: 235 tasks, 1408 threads, 4 processors
Load average: 2.60, Mach factor: 1.56
/bin/machine           = unknown
/usr/bin/oslevel       = unknown
/bin/universe          = unknown

PATH: /Users/rtroncoso/.composer/vendor/bin
PATH: /usr/local/bin
PATH: /usr/bin
PATH: /bin
PATH: /usr/sbin
PATH: /sbin
PATH: /Users/rtroncoso/Library/Android/sdk/platform-tools/
PATH: /Users/rtroncoso/devtools/autotools-bin/bin
PATH: /Users/rtroncoso/devtools/autotools-bin/bin


## ----------- ##
## Core tests. ##
## ----------- ##

configure:2337: checking for a BSD-compatible install
configure:2405: result: /usr/bin/install -c
configure:2416: checking whether build environment is sane
configure:2471: result: yes
configure:2622: checking for a thread-safe mkdir -p
configure:2661: result: ./install-sh -c -d
configure:2668: checking for gawk
configure:2698: result: no
configure:2668: checking for mawk
configure:2698: result: no
configure:2668: checking for nawk
configure:2698: result: no
configure:2668: checking for awk
configure:2684: found /usr/bin/awk
configure:2695: result: awk
configure:2706: checking whether make sets $(MAKE)
configure:2728: result: yes
configure:2757: checking whether make supports nested variables
configure:2774: result: yes
configure:2863: checking whether UID '501' is supported by ustar format
configure:2866: result: yes
configure:2873: checking whether GID '20' is supported by ustar format
configure:2876: result: yes
configure:2884: checking how to create a ustar tar archive
configure:2895: tar --version
bsdtar 2.8.3 - libarchive 2.8.3
configure:2898: $? = 0
configure:2938: tardir=conftest.dir && eval tar --format=ustar -chf - "$tardir" >conftest.tar
configure:2941: $? = 0
configure:2945: tar -xf - <conftest.tar
configure:2948: $? = 0
configure:2950: cat conftest.dir/file
GrepMe
configure:2953: $? = 0
configure:2966: result: gnutar
configure:3017: checking whether to enable maintainer-specific portions of Makefiles
configure:3026: result: no
configure:3050: checking whether make supports nested variables
configure:3067: result: yes
configure:3091: checking for style of include used by make
configure:3119: result: GNU
configure:3190: checking for gcc
configure:3206: found /usr/bin/gcc
configure:3217: result: gcc
configure:3446: checking for C compiler version
configure:3455: gcc --version >&5
Apple LLVM version 7.0.0 (clang-700.1.76)
Target: x86_64-apple-darwin15.0.0
Thread model: posix
Configured with: --prefix=/Applications/Xcode.app/Contents/Developer/usr --with-gxx-include-dir=/usr/include/c++/4.2.1
configure:3466: $? = 0
configure:3455: gcc -v >&5
Configured with: --prefix=/Applications/Xcode.app/Contents/Developer/usr --with-gxx-include-dir=/usr/include/c++/4.2.1
Apple LLVM version 7.0.0 (clang-700.1.76)
Target: x86_64-apple-darwin15.0.0
Thread model: posix
configure:3466: $? = 0
configure:3455: gcc -V >&5
clang: error: argument to '-V' is missing (expected 1 value)
clang: error: no input files
configure:3466: $? = 1
configure:3455: gcc -qversion >&5
clang: error: unknown argument: '-qversion'
clang: error: no input files
configure:3466: $? = 1
configure:3486: checking whether the C compiler works
configure:3508: gcc    conftest.c  >&5
configure:3512: $? = 0
configure:3560: result: yes
configure:3563: checking for C compiler default output file name
configure:3565: result: a.out
configure:3571: checking for suffix of executables
configure:3578: gcc -o conftest    conftest.c  >&5
configure:3582: $? = 0
configure:3604: result: 
configure:3626: checking whether we are cross compiling
configure:3634: gcc -o conftest    conftest.c  >&5
configure:3638: $? = 0
configure:3645: ./conftest
configure:3649: $? = 0
configure:3664: result: no
configure:3669: checking for suffix of object files
configure:3691: gcc -c   conftest.c >&5
configure:3695: $? = 0
configure:3716: result: o
configure:3720: checking whether we are using the GNU C compiler
configure:3739: gcc -c   conftest.c >&5
configure:3739: $? = 0
configure:3748: result: yes
configure:3757: checking whether gcc accepts -g
configure:3777: gcc -c -g  conftest.c >&5
configure:3777: $? = 0
configure:3818: result: yes
configure:3835: checking for gcc option to accept ISO C89
configure:3898: gcc  -c -g -O2  conftest.c >&5
configure:3898: $? = 0
configure:3911: result: none needed
configure:3936: checking whether gcc understands -c and -o together
configure:3958: gcc -c conftest.c -o conftest2.o
configure:3961: $? = 0
configure:3958: gcc -c conftest.c -o conftest2.o
configure:3961: $? = 0
configure:3973: result: yes
configure:3992: checking dependency style of gcc
configure:4103: result: gcc3
configure:4168: checking for ar
configure:4184: found /usr/bin/ar
configure:4195: result: ar
configure:4221: checking the archiver (ar) interface
configure:4237: gcc -c -g -O2  conftest.c >&5
configure:4237: $? = 0
configure:4239: ar cru libconftest.a conftest.o >&5
configure:4242: $? = 0
configure:4270: result: ar
configure:4321: checking build system type
configure:4335: result: x86_64-apple-darwin15.0.0
configure:4355: checking host system type
configure:4368: result: x86_64-apple-darwin15.0.0
configure:4409: checking how to print strings
configure:4436: result: printf
configure:4457: checking for a sed that does not truncate output
configure:4521: result: /usr/bin/sed
configure:4539: checking for grep that handles long lines and -e
configure:4597: result: /usr/bin/grep
configure:4602: checking for egrep
configure:4664: result: /usr/bin/grep -E
configure:4669: checking for fgrep
configure:4731: result: /usr/bin/grep -F
configure:4766: checking for ld used by gcc
configure:4833: result: /Applications/Xcode.app/Contents/Developer/Toolchains/XcodeDefault.xctoolchain/usr/bin/ld
configure:4840: checking if the linker (/Applications/Xcode.app/Contents/Developer/Toolchains/XcodeDefault.xctoolchain/usr/bin/ld) is GNU ld
configure:4855: result: no
configure:4867: checking for BSD- or MS-compatible name lister (nm)
configure:4921: result: /usr/bin/nm
configure:5051: checking the name lister (/usr/bin/nm) interface
configure:5058: gcc -c -g -O2  conftest.c >&5
configure:5061: /usr/bin/nm "conftest.o"
configure:5064: output
00000000000001fc S _some_variable
configure:5071: result: BSD nm
configure:5074: checking whether ln -s works
configure:5078: result: yes
configure:5086: checking the maximum length of command line arguments
configure:5217: result: 196608
configure:5265: checking how to convert x86_64-apple-darwin15.0.0 file names to x86_64-apple-darwin15.0.0 format
configure:5305: result: func_convert_file_noop
configure:5312: checking how to convert x86_64-apple-darwin15.0.0 file names to toolchain format
configure:5332: result: func_convert_file_noop
configure:5339: checking for /Applications/Xcode.app/Contents/Developer/Toolchains/XcodeDefault.xctoolchain/usr/bin/ld option to reload object files
configure:5346: result: -r
configure:5420: checking for objdump
configure:5450: result: no
configure:5479: checking how to recognize dependent libraries
configure:5679: result: pass_all
configure:5764: checking for dlltool
configure:5794: result: no
configure:5824: checking how to associate runtime and link libraries
configure:5851: result: printf %s\n
configure:5975: checking for archiver @FILE support
configure:5992: gcc -c -g -O2  conftest.c >&5
configure:5992: $? = 0
configure:5995: ar cru libconftest.a @conftest.lst >&5
ar: @conftest.lst: No such file or directory
configure:5998: $? = 1
configure:6018: result: no
configure:6076: checking for strip
configure:6092: found /usr/bin/strip
configure:6103: result: strip
configure:6175: checking for ranlib
configure:6191: found /usr/bin/ranlib
configure:6202: result: ranlib
configure:6304: checking command to parse /usr/bin/nm output from gcc object
configure:6457: gcc -c -g -O2  conftest.c >&5
configure:6460: $? = 0
configure:6464: /usr/bin/nm conftest.o \| sed -n -e 's/^.*[ ]\([BCDEGRST][BCDEGRST]*\)[ ][ ]*\([_A-Za-z][_A-Za-z0-9]*\)$/\1 \2 \2/p' | sed '/ __gnu_lto/d' \> conftest.nm
configure:6467: $? = 0
cannot find nm_test_var in conftest.nm
configure:6457: gcc -c -g -O2  conftest.c >&5
configure:6460: $? = 0
configure:6464: /usr/bin/nm conftest.o \| sed -n -e 's/^.*[ ]\([BCDEGRST][BCDEGRST]*\)[ ][ ]*_\([_A-Za-z][_A-Za-z0-9]*\)$/\1 _\2 \2/p' | sed '/ __gnu_lto/d' \> conftest.nm
configure:6467: $? = 0
configure:6533: gcc -o conftest -g -O2   conftest.c conftstm.o >&5
warning: (x86_64)  could not find object file symbol for symbol _main
configure:6536: $? = 0
configure:6574: result: ok
configure:6621: checking for sysroot
configure:6651: result: no
configure:6658: checking for a working dd
configure:6696: result: /bin/dd
configure:6700: checking how to truncate binary pipes
configure:6715: result: /bin/dd bs=4096 count=1
configure:7044: checking for mt
configure:7074: result: no
configure:7094: checking if : is a manifest tool
configure:7100: : '-?'
configure:7108: result: no
configure:7164: checking for dsymutil
configure:7180: found /usr/bin/dsymutil
configure:7191: result: dsymutil
configure:7256: checking for nmedit
configure:7272: found /usr/bin/nmedit
configure:7283: result: nmedit
configure:7348: checking for lipo
configure:7364: found /usr/bin/lipo
configure:7375: result: lipo
configure:7440: checking for otool
configure:7456: found /usr/bin/otool
configure:7467: result: otool
configure:7532: checking for otool64
configure:7562: result: no
configure:7607: checking for -single_module linker flag
gcc -g -O2  -o libconftest.dylib -dynamiclib -Wl,-single_module conftest.c
configure:7640: result: yes
configure:7643: checking for -exported_symbols_list linker flag
configure:7663: gcc -o conftest -g -O2   -Wl,-exported_symbols_list,conftest.sym conftest.c  >&5
configure:7663: $? = 0
configure:7673: result: yes
configure:7676: checking for -force_load linker flag
gcc -g -O2 -c -o conftest.o conftest.c
ar cru libconftest.a conftest.o
ranlib libconftest.a
gcc -g -O2  -o conftest conftest.c -Wl,-force_load,./libconftest.a
configure:7708: result: yes
configure:7785: checking how to run the C preprocessor
configure:7816: gcc -E  conftest.c
configure:7816: $? = 0
configure:7830: gcc -E  conftest.c
conftest.c:11:10: fatal error: 'ac_nonexistent.h' file not found
#include <ac_nonexistent.h>
         ^
1 error generated.
configure:7830: $? = 1
configure: failed program was:
| /* confdefs.h */
| #define PACKAGE_NAME "tp_algo"
| #define PACKAGE_TARNAME "tp_algo"
| #define PACKAGE_VERSION "2015-11-23"
| #define PACKAGE_STRING "tp_algo 2015-11-23"
| #define PACKAGE_BUGREPORT "rod.tronco@gmail.com"
| #define PACKAGE_URL ""
| #define PACKAGE "tp_algo"
| #define VERSION "2015-11-23"
| /* end confdefs.h.  */
| #include <ac_nonexistent.h>
configure:7855: result: gcc -E
configure:7875: gcc -E  conftest.c
configure:7875: $? = 0
configure:7889: gcc -E  conftest.c
conftest.c:11:10: fatal error: 'ac_nonexistent.h' file not found
#include <ac_nonexistent.h>
         ^
1 error generated.
configure:7889: $? = 1
configure: failed program was:
| /* confdefs.h */
| #define PACKAGE_NAME "tp_algo"
| #define PACKAGE_TARNAME "tp_algo"
| #define PACKAGE_VERSION "2015-11-23"
| #define PACKAGE_STRING "tp_algo 2015-11-23"
| #define PACKAGE_BUGREPORT "rod.tronco@gmail.com"
| #define PACKAGE_URL ""
| #define PACKAGE "tp_algo"
| #define VERSION "2015-11-23"
| /* end confdefs.h.  */
| #include <ac_nonexistent.h>
configure:7918: checking for ANSI C header files
configure:7938: gcc -c -g -O2  conftest.c >&5
configure:7938: $? = 0
configure:8011: gcc -o conftest -g -O2   conftest.c  >&5
configure:8011: $? = 0
configure:8011: ./conftest
configure:8011: $? = 0
configure:8022: result: yes
configure:8035: checking for sys/types.h
configure:8035: gcc -c -g -O2  conftest.c >&5
configure:8035: $? = 0
configure:8035: result: yes
configure:8035: checking for sys/stat.h
configure:8035: gcc -c -g -O2  conftest.c >&5
configure:8035: $? = 0
configure:8035: result: yes
configure:8035: checking for stdlib.h
configure:8035: gcc -c -g -O2  conftest.c >&5
configure:8035: $? = 0
configure:8035: result: yes
configure:8035: checking for string.h
configure:8035: gcc -c -g -O2  conftest.c >&5
configure:8035: $? = 0
configure:8035: result: yes
configure:8035: checking for memory.h
configure:8035: gcc -c -g -O2  conftest.c >&5
configure:8035: $? = 0
configure:8035: result: yes
configure:8035: checking for strings.h
configure:8035: gcc -c -g -O2  conftest.c >&5
configure:8035: $? = 0
configure:8035: result: yes
configure:8035: checking for inttypes.h
configure:8035: gcc -c -g -O2  conftest.c >&5
configure:8035: $? = 0
configure:8035: result: yes
configure:8035: checking for stdint.h
configure:8035: gcc -c -g -O2  conftest.c >&5
configure:8035: $? = 0
configure:8035: result: yes
configure:8035: checking for unistd.h
configure:8035: gcc -c -g -O2  conftest.c >&5
configure:8035: $? = 0
configure:8035: result: yes
configure:8049: checking for dlfcn.h
configure:8049: gcc -c -g -O2  conftest.c >&5
configure:8049: $? = 0
configure:8049: result: yes
configure:8305: checking for objdir
configure:8320: result: .libs
configure:8584: checking if gcc supports -fno-rtti -fno-exceptions
configure:8602: gcc -c -g -O2  -fno-rtti -fno-exceptions conftest.c >&5
configure:8606: $? = 0
configure:8619: result: yes
configure:8977: checking for gcc option to produce PIC
configure:8984: result: -fno-common -DPIC
configure:8992: checking if gcc PIC flag -fno-common -DPIC works
configure:9010: gcc -c -g -O2  -fno-common -DPIC -DPIC conftest.c >&5
configure:9014: $? = 0
configure:9027: result: yes
configure:9056: checking if gcc static flag -static works
configure:9084: result: no
configure:9099: checking if gcc supports -c -o file.o
configure:9120: gcc -c -g -O2  -o out/conftest2.o conftest.c >&5
configure:9124: $? = 0
configure:9146: result: yes
configure:9154: checking if gcc supports -c -o file.o
configure:9201: result: yes
configure:9234: checking whether the gcc linker (/Applications/Xcode.app/Contents/Developer/Toolchains/XcodeDefault.xctoolchain/usr/bin/ld) supports shared libraries
configure:10493: result: yes
configure:10733: checking dynamic linker characteristics
configure:11551: result: darwin15.0.0 dyld
configure:11673: checking how to hardcode library paths into programs
configure:11698: result: immediate
configure:12246: checking whether stripping libraries is possible
configure:12260: result: yes
configure:12286: checking if libtool supports shared libraries
configure:12288: result: yes
configure:12291: checking whether to build shared libraries
configure:12316: result: yes
configure:12319: checking whether to build static libraries
configure:12323: result: yes
configure:12413: checking for gcc
configure:12440: result: gcc
configure:12669: checking for C compiler version
configure:12678: gcc --version >&5
Apple LLVM version 7.0.0 (clang-700.1.76)
Target: x86_64-apple-darwin15.0.0
Thread model: posix
Configured with: --prefix=/Applications/Xcode.app/Contents/Developer/usr --with-gxx-include-dir=/usr/include/c++/4.2.1
configure:12689: $? = 0
configure:12678: gcc -v >&5
Configured with: --prefix=/Applications/Xcode.app/Contents/Developer/usr --with-gxx-include-dir=/usr/include/c++/4.2.1
Apple LLVM version 7.0.0 (clang-700.1.76)
Target: x86_64-apple-darwin15.0.0
Thread model: posix
configure:12689: $? = 0
configure:12678: gcc -V >&5
clang: error: argument to '-V' is missing (expected 1 value)
clang: error: no input files
configure:12689: $? = 1
configure:12678: gcc -qversion >&5
clang: error: unknown argument: '-qversion'
clang: error: no input files
configure:12689: $? = 1
configure:12693: checking whether we are using the GNU C compiler
configure:12721: result: yes
configure:12730: checking whether gcc accepts -g
configure:12791: result: yes
configure:12808: checking for gcc option to accept ISO C89
configure:12884: result: none needed
configure:12909: checking whether gcc understands -c and -o together
configure:12946: result: yes
configure:12965: checking dependency style of gcc
configure:13076: result: gcc3
configure:13091: checking for gcc option to accept ISO C99
configure:13240: gcc  -c -g -O2  conftest.c >&5
configure:13240: $? = 0
configure:13253: result: none needed
configure:13326: checking for g++
configure:13342: found /usr/bin/g++
configure:13353: result: g++
configure:13380: checking for C++ compiler version
configure:13389: g++ --version >&5
Apple LLVM version 7.0.0 (clang-700.1.76)
Target: x86_64-apple-darwin15.0.0
Thread model: posix
Configured with: --prefix=/Applications/Xcode.app/Contents/Developer/usr --with-gxx-include-dir=/usr/include/c++/4.2.1
configure:13400: $? = 0
configure:13389: g++ -v >&5
Configured with: --prefix=/Applications/Xcode.app/Contents/Developer/usr --with-gxx-include-dir=/usr/include/c++/4.2.1
Apple LLVM version 7.0.0 (clang-700.1.76)
Target: x86_64-apple-darwin15.0.0
Thread model: posix
configure:13400: $? = 0
configure:13389: g++ -V >&5
clang: error: argument to '-V' is missing (expected 1 value)
clang: error: no input files
configure:13400: $? = 1
configure:13389: g++ -qversion >&5
clang: error: unknown argument: '-qversion'
clang: error: no input files
configure:13400: $? = 1
configure:13404: checking whether we are using the GNU C++ compiler
configure:13423: g++ -c   conftest.cpp >&5
configure:13423: $? = 0
configure:13432: result: yes
configure:13441: checking whether g++ accepts -g
configure:13461: g++ -c -g  conftest.cpp >&5
configure:13461: $? = 0
configure:13502: result: yes
configure:13527: checking dependency style of g++
configure:13638: result: gcc3
configure:13671: checking how to run the C++ preprocessor
configure:13698: g++ -E  conftest.cpp
configure:13698: $? = 0
configure:13712: g++ -E  conftest.cpp
conftest.cpp:23:10: fatal error: 'ac_nonexistent.h' file not found
#include <ac_nonexistent.h>
         ^
1 error generated.
configure:13712: $? = 1
configure: failed program was:
| /* confdefs.h */
| #define PACKAGE_NAME "tp_algo"
| #define PACKAGE_TARNAME "tp_algo"
| #define PACKAGE_VERSION "2015-11-23"
| #define PACKAGE_STRING "tp_algo 2015-11-23"
| #define PACKAGE_BUGREPORT "rod.tronco@gmail.com"
| #define PACKAGE_URL ""
| #define PACKAGE "tp_algo"
| #define VERSION "2015-11-23"
| #define STDC_HEADERS 1
| #define HAVE_SYS_TYPES_H 1
| #define HAVE_SYS_STAT_H 1
| #define HAVE_STDLIB_H 1
| #define HAVE_STRING_H 1
| #define HAVE_MEMORY_H 1
| #define HAVE_STRINGS_H 1
| #define HAVE_INTTYPES_H 1
| #define HAVE_STDINT_H 1
| #define HAVE_UNISTD_H 1
| #define HAVE_DLFCN_H 1
| #define LT_OBJDIR ".libs/"
| /* end confdefs.h.  */
| #include <ac_nonexistent.h>
configure:13737: result: g++ -E
configure:13757: g++ -E  conftest.cpp
configure:13757: $? = 0
configure:13771: g++ -E  conftest.cpp
conftest.cpp:23:10: fatal error: 'ac_nonexistent.h' file not found
#include <ac_nonexistent.h>
         ^
1 error generated.
configure:13771: $? = 1
configure: failed program was:
| /* confdefs.h */
| #define PACKAGE_NAME "tp_algo"
| #define PACKAGE_TARNAME "tp_algo"
| #define PACKAGE_VERSION "2015-11-23"
| #define PACKAGE_STRING "tp_algo 2015-11-23"
| #define PACKAGE_BUGREPORT "rod.tronco@gmail.com"
| #define PACKAGE_URL ""
| #define PACKAGE "tp_algo"
| #define VERSION "2015-11-23"
| #define STDC_HEADERS 1
| #define HAVE_SYS_TYPES_H 1
| #define HAVE_SYS_STAT_H 1
| #define HAVE_STDLIB_H 1
| #define HAVE_STRING_H 1
| #define HAVE_MEMORY_H 1
| #define HAVE_STRINGS_H 1
| #define HAVE_INTTYPES_H 1
| #define HAVE_STDINT_H 1
| #define HAVE_UNISTD_H 1
| #define HAVE_DLFCN_H 1
| #define LT_OBJDIR ".libs/"
| /* end confdefs.h.  */
| #include <ac_nonexistent.h>
configure:13933: checking for ld used by g++
configure:14000: result: /Applications/Xcode.app/Contents/Developer/Toolchains/XcodeDefault.xctoolchain/usr/bin/ld
configure:14007: checking if the linker (/Applications/Xcode.app/Contents/Developer/Toolchains/XcodeDefault.xctoolchain/usr/bin/ld) is GNU ld
configure:14022: result: no
configure:14077: checking whether the g++ linker (/Applications/Xcode.app/Contents/Developer/Toolchains/XcodeDefault.xctoolchain/usr/bin/ld) supports shared libraries
configure:15150: result: yes
configure:15186: g++ -c -g -O2  conftest.cpp >&5
configure:15189: $? = 0
configure:15670: checking for g++ option to produce PIC
configure:15677: result: -fno-common -DPIC
configure:15685: checking if g++ PIC flag -fno-common -DPIC works
configure:15703: g++ -c -g -O2  -fno-common -DPIC -DPIC conftest.cpp >&5
configure:15707: $? = 0
configure:15720: result: yes
configure:15743: checking if g++ static flag -static works
configure:15771: result: no
configure:15783: checking if g++ supports -c -o file.o
configure:15804: g++ -c -g -O2  -o out/conftest2.o conftest.cpp >&5
configure:15808: $? = 0
configure:15830: result: yes
configure:15835: checking if g++ supports -c -o file.o
configure:15882: result: yes
configure:15912: checking whether the g++ linker (/Applications/Xcode.app/Contents/Developer/Toolchains/XcodeDefault.xctoolchain/usr/bin/ld) supports shared libraries
configure:15952: result: yes
configure:16093: checking dynamic linker characteristics
configure:16838: result: darwin15.0.0 dyld
configure:16903: checking how to hardcode library paths into programs
configure:16928: result: immediate
configure:16970: checking whether ln -s works
configure:16974: result: yes
configure:16981: checking for egrep
configure:17043: result: /usr/bin/grep -E
configure:17050: checking CFLAGS for gcc -fdiagnostics-show-option
configure:17077: gcc -c -g -O2  -pedantic -Werror  -fdiagnostics-show-option  conftest.c >&5
configure:17077: $? = 0
configure:17091: result: -fdiagnostics-show-option
configure:17104: : MORE_CFLAGS="$MORE_CFLAGS ${ac_res}"
configure:17107: $? = 0
configure:17114: checking CFLAGS for gcc -pipe
configure:17141: gcc -c -g -O2  -fdiagnostics-show-option -pedantic -Werror  -pipe  conftest.c >&5
configure:17141: $? = 0
configure:17155: result: -pipe
configure:17168: : MORE_CFLAGS="$MORE_CFLAGS ${ac_res}"
configure:17171: $? = 0
configure:17178: checking CFLAGS for gcc -Wall
configure:17205: gcc -c -g -O2  -fdiagnostics-show-option -pipe -pedantic -Werror  -Wall  conftest.c >&5
configure:17205: $? = 0
configure:17219: result: -Wall
configure:17232: : MORE_CFLAGS="$MORE_CFLAGS ${ac_res}"
configure:17235: $? = 0
configure:17242: checking CFLAGS for gcc -W
configure:17269: gcc -c -g -O2  -fdiagnostics-show-option -pipe -Wall -pedantic -Werror  -W  conftest.c >&5
configure:17269: $? = 0
configure:17283: result: -W
configure:17296: : MORE_CFLAGS="$MORE_CFLAGS ${ac_res}"
configure:17299: $? = 0
configure:17306: checking CFLAGS for gcc -Wextra
configure:17333: gcc -c -g -O2  -fdiagnostics-show-option -pipe -Wall -W -pedantic -Werror  -Wextra  conftest.c >&5
configure:17333: $? = 0
configure:17347: result: -Wextra
configure:17360: : MORE_CFLAGS="$MORE_CFLAGS ${ac_res}"
configure:17363: $? = 0
configure:17370: checking CFLAGS for gcc -Wformat
configure:17397: gcc -c -g -O2  -fdiagnostics-show-option -pipe -Wall -W -Wextra -pedantic -Werror  -Wformat  conftest.c >&5
configure:17397: $? = 0
configure:17411: result: -Wformat
configure:17424: : MORE_CFLAGS="$MORE_CFLAGS ${ac_res}"
configure:17427: $? = 0
configure:17434: checking CFLAGS for gcc -Wformat-security
configure:17461: gcc -c -g -O2  -fdiagnostics-show-option -pipe -Wall -W -Wextra -Wformat -pedantic -Werror  -Wformat-security  conftest.c >&5
configure:17461: $? = 0
configure:17475: result: -Wformat-security
configure:17488: : MORE_CFLAGS="$MORE_CFLAGS ${ac_res}"
configure:17491: $? = 0
configure:17498: checking CFLAGS for gcc -Wfatal-errors
configure:17525: gcc -c -g -O2  -fdiagnostics-show-option -pipe -Wall -W -Wextra -Wformat -Wformat-security -pedantic -Werror  -Wfatal-errors  conftest.c >&5
configure:17525: $? = 0
configure:17539: result: -Wfatal-errors
configure:17552: : MORE_CFLAGS="$MORE_CFLAGS ${ac_res}"
configure:17555: $? = 0
configure:17562: checking CFLAGS for gcc -Wcast-align
configure:17589: gcc -c -g -O2  -fdiagnostics-show-option -pipe -Wall -W -Wextra -Wformat -Wformat-security -Wfatal-errors -pedantic -Werror  -Wcast-align  conftest.c >&5
configure:17589: $? = 0
configure:17603: result: -Wcast-align
configure:17616: : MORE_CFLAGS="$MORE_CFLAGS ${ac_res}"
configure:17619: $? = 0
configure:17626: checking CFLAGS for gcc -Winline
configure:17653: gcc -c -g -O2  -fdiagnostics-show-option -pipe -Wall -W -Wextra -Wformat -Wformat-security -Wfatal-errors -Wcast-align -pedantic -Werror  -Winline  conftest.c >&5
configure:17653: $? = 0
configure:17667: result: -Winline
configure:17680: : MORE_CFLAGS="$MORE_CFLAGS ${ac_res}"
configure:17683: $? = 0
configure:17690: checking CFLAGS for gcc -fstack-protector
configure:17717: gcc -c -g -O2  -fdiagnostics-show-option -pipe -Wall -W -Wextra -Wformat -Wformat-security -Wfatal-errors -Wcast-align -Winline -pedantic -Werror  -fstack-protector  conftest.c >&5
configure:17717: $? = 0
configure:17731: result: -fstack-protector
configure:17744: : MORE_CFLAGS="$MORE_CFLAGS ${ac_res}"
configure:17747: $? = 0
configure:17754: checking CFLAGS for gcc -D_FORTIFY_SOURCE=2
configure:17781: gcc -c -g -O2  -pedantic -Werror  -D_FORTIFY_SOURCE=2  conftest.c >&5
configure:17781: $? = 0
configure:17795: result: -D_FORTIFY_SOURCE=2
configure:17808: : MORE_CPPFLAGS="$MORE_CPPFLAGS ${ac_res}"
configure:17811: $? = 0
configure:17818: checking CFLAGS for gcc -Wno-unused-parameter
configure:17845: gcc -c -g -O2  -fdiagnostics-show-option -pipe -Wall -W -Wextra -Wformat -Wformat-security -Wfatal-errors -Wcast-align -Winline -fstack-protector -pedantic -Werror  -Wno-unused-parameter  conftest.c >&5
configure:17845: $? = 0
configure:17859: result: -Wno-unused-parameter
configure:17872: : MORE_CFLAGS="$MORE_CFLAGS ${ac_res}"
configure:17875: $? = 0
configure:17882: checking CFLAGS for gcc -Wno-missing-field-initializers
configure:17909: gcc -c -g -O2  -fdiagnostics-show-option -pipe -Wall -W -Wextra -Wformat -Wformat-security -Wfatal-errors -Wcast-align -Winline -fstack-protector -Wno-unused-parameter -pedantic -Werror  -Wno-missing-field-initializers  conftest.c >&5
configure:17909: $? = 0
configure:17923: result: -Wno-missing-field-initializers
configure:17936: : MORE_CFLAGS="$MORE_CFLAGS ${ac_res}"
configure:17939: $? = 0
configure:17952: checking whether the linker accepts the -Wl,-z,relro flag
configure:17982: gcc -o conftest -g -O2    -Wl,-z,relro conftest.c  >&5
ld: unknown option: -z
clang: error: linker command failed with exit code 1 (use -v to see invocation)
configure:17982: $? = 1
configure: failed program was:
| /* confdefs.h */
| #define PACKAGE_NAME "tp_algo"
| #define PACKAGE_TARNAME "tp_algo"
| #define PACKAGE_VERSION "2015-11-23"
| #define PACKAGE_STRING "tp_algo 2015-11-23"
| #define PACKAGE_BUGREPORT "rod.tronco@gmail.com"
| #define PACKAGE_URL ""
| #define PACKAGE "tp_algo"
| #define VERSION "2015-11-23"
| #define STDC_HEADERS 1
| #define HAVE_SYS_TYPES_H 1
| #define HAVE_SYS_STAT_H 1
| #define HAVE_STDLIB_H 1
| #define HAVE_STRING_H 1
| #define HAVE_MEMORY_H 1
| #define HAVE_STRINGS_H 1
| #define HAVE_INTTYPES_H 1
| #define HAVE_STDINT_H 1
| #define HAVE_UNISTD_H 1
| #define HAVE_DLFCN_H 1
| #define LT_OBJDIR ".libs/"
| /* end confdefs.h.  */
| 
| 
| int
| main ()
| {
| 
|   ;
|   return 0;
| }
| 
configure:18006: result: no
configure:18021: checking whether the linker accepts the -Wl,-z,now flag
configure:18051: gcc -o conftest -g -O2    -Wl,-z,now conftest.c  >&5
ld: unknown option: -z
clang: error: linker command failed with exit code 1 (use -v to see invocation)
configure:18051: $? = 1
configure: failed program was:
| /* confdefs.h */
| #define PACKAGE_NAME "tp_algo"
| #define PACKAGE_TARNAME "tp_algo"
| #define PACKAGE_VERSION "2015-11-23"
| #define PACKAGE_STRING "tp_algo 2015-11-23"
| #define PACKAGE_BUGREPORT "rod.tronco@gmail.com"
| #define PACKAGE_URL ""
| #define PACKAGE "tp_algo"
| #define VERSION "2015-11-23"
| #define STDC_HEADERS 1
| #define HAVE_SYS_TYPES_H 1
| #define HAVE_SYS_STAT_H 1
| #define HAVE_STDLIB_H 1
| #define HAVE_STRING_H 1
| #define HAVE_MEMORY_H 1
| #define HAVE_STRINGS_H 1
| #define HAVE_INTTYPES_H 1
| #define HAVE_STDINT_H 1
| #define HAVE_UNISTD_H 1
| #define HAVE_DLFCN_H 1
| #define LT_OBJDIR ".libs/"
| /* end confdefs.h.  */
| 
| 
| int
| main ()
| {
| 
|   ;
|   return 0;
| }
| 
configure:18075: result: no
configure:18085: checking CFLAGS for gcc -D_GNU_SOURCE
configure:18112: gcc -c -g -O2  -D_FORTIFY_SOURCE=2 -pedantic -Werror  -D_GNU_SOURCE  conftest.c >&5
configure:18112: $? = 0
configure:18126: result: -D_GNU_SOURCE
configure:18139: : MORE_CPPFLAGS="$MORE_CPPFLAGS ${ac_res}"
configure:18142: $? = 0
configure:18551: checking for pkg-config
configure:18569: found /usr/local/bin/pkg-config
configure:18581: result: /usr/local/bin/pkg-config
configure:18606: checking pkg-config is at least version 0.9.0
configure:18609: result: yes
configure:18619: checking for JANSSON
configure:18626: $PKG_CONFIG --exists --print-errors "jansson >= 2.1"
Package jansson was not found in the pkg-config search path.
Perhaps you should add the directory containing `jansson.pc'
to the PKG_CONFIG_PATH environment variable
No package 'jansson' found
configure:18629: $? = 1
configure:18643: $PKG_CONFIG --exists --print-errors "jansson >= 2.1"
Package jansson was not found in the pkg-config search path.
Perhaps you should add the directory containing `jansson.pc'
to the PKG_CONFIG_PATH environment variable
No package 'jansson' found
configure:18646: $? = 1
configure:18660: result: no
No package 'jansson' found
configure:18676: error: Package requirements (jansson >= 2.1) were not met:

No package 'jansson' found

Consider adjusting the PKG_CONFIG_PATH environment variable if you
installed software in a non-standard prefix.

Alternatively, you may set the environment variables JANSSON_CFLAGS
and JANSSON_LIBS to avoid the need to call pkg-config.
See the pkg-config man page for more details.

## ---------------- ##
## Cache variables. ##
## ---------------- ##

ac_cv_build=x86_64-apple-darwin15.0.0
ac_cv_c_compiler_gnu=yes
ac_cv_cflags_gcc_option__D_FORTIFY_SOURCE_2=-D_FORTIFY_SOURCE=2
ac_cv_cflags_gcc_option__D_GNU_SOURCE=-D_GNU_SOURCE
ac_cv_cflags_gcc_option__W=-W
ac_cv_cflags_gcc_option__Wall=-Wall
ac_cv_cflags_gcc_option__Wcast_align=-Wcast-align
ac_cv_cflags_gcc_option__Wextra=-Wextra
ac_cv_cflags_gcc_option__Wfatal_errors=-Wfatal-errors
ac_cv_cflags_gcc_option__Wformat=-Wformat
ac_cv_cflags_gcc_option__Wformat_security=-Wformat-security
ac_cv_cflags_gcc_option__Winline=-Winline
ac_cv_cflags_gcc_option__Wno_missing_field_initializers=-Wno-missing-field-initializers
ac_cv_cflags_gcc_option__Wno_unused_parameter=-Wno-unused-parameter
ac_cv_cflags_gcc_option__fdiagnostics_show_option=-fdiagnostics-show-option
ac_cv_cflags_gcc_option__fstack_protector=-fstack-protector
ac_cv_cflags_gcc_option__pipe=-pipe
ac_cv_cxx_compiler_gnu=yes
ac_cv_env_CCC_set=
ac_cv_env_CCC_value=
ac_cv_env_CC_set=
ac_cv_env_CC_value=
ac_cv_env_CFLAGS_set=
ac_cv_env_CFLAGS_value=
ac_cv_env_CPPFLAGS_set=
ac_cv_env_CPPFLAGS_value=
ac_cv_env_CPP_set=
ac_cv_env_CPP_value=
ac_cv_env_CXXCPP_set=
ac_cv_env_CXXCPP_value=
ac_cv_env_CXXFLAGS_set=
ac_cv_env_CXXFLAGS_value=
ac_cv_env_CXX_set=
ac_cv_env_CXX_value=
ac_cv_env_JANSSON_CFLAGS_set=
ac_cv_env_JANSSON_CFLAGS_value=
ac_cv_env_JANSSON_LIBS_set=
ac_cv_env_JANSSON_LIBS_value=
ac_cv_env_LDFLAGS_set=
ac_cv_env_LDFLAGS_value=
ac_cv_env_LIBS_set=
ac_cv_env_LIBS_value=
ac_cv_env_LT_SYS_LIBRARY_PATH_set=
ac_cv_env_LT_SYS_LIBRARY_PATH_value=
ac_cv_env_PKG_CONFIG_LIBDIR_set=
ac_cv_env_PKG_CONFIG_LIBDIR_value=
ac_cv_env_PKG_CONFIG_PATH_set=
ac_cv_env_PKG_CONFIG_PATH_value=
ac_cv_env_PKG_CONFIG_set=
ac_cv_env_PKG_CONFIG_value=
ac_cv_env_build_alias_set=
ac_cv_env_build_alias_value=
ac_cv_env_host_alias_set=
ac_cv_env_host_alias_value=
ac_cv_env_target_alias_set=
ac_cv_env_target_alias_value=
ac_cv_header_dlfcn_h=yes
ac_cv_header_inttypes_h=yes
ac_cv_header_memory_h=yes
ac_cv_header_stdc=yes
ac_cv_header_stdint_h=yes
ac_cv_header_stdlib_h=yes
ac_cv_header_string_h=yes
ac_cv_header_strings_h=yes
ac_cv_header_sys_stat_h=yes
ac_cv_header_sys_types_h=yes
ac_cv_header_unistd_h=yes
ac_cv_host=x86_64-apple-darwin15.0.0
ac_cv_objext=o
ac_cv_path_EGREP='/usr/bin/grep -E'
ac_cv_path_FGREP='/usr/bin/grep -F'
ac_cv_path_GREP=/usr/bin/grep
ac_cv_path_SED=/usr/bin/sed
ac_cv_path_ac_pt_PKG_CONFIG=/usr/local/bin/pkg-config
ac_cv_path_install='/usr/bin/install -c'
ac_cv_path_lt_DD=/bin/dd
ac_cv_prog_AWK=awk
ac_cv_prog_CPP='gcc -E'
ac_cv_prog_CXXCPP='g++ -E'
ac_cv_prog_ac_ct_AR=ar
ac_cv_prog_ac_ct_CC=gcc
ac_cv_prog_ac_ct_CXX=g++
ac_cv_prog_ac_ct_DSYMUTIL=dsymutil
ac_cv_prog_ac_ct_LIPO=lipo
ac_cv_prog_ac_ct_NMEDIT=nmedit
ac_cv_prog_ac_ct_OTOOL=otool
ac_cv_prog_ac_ct_RANLIB=ranlib
ac_cv_prog_ac_ct_STRIP=strip
ac_cv_prog_cc_c89=
ac_cv_prog_cc_c99=
ac_cv_prog_cc_g=yes
ac_cv_prog_cxx_g=yes
ac_cv_prog_make_make_set=yes
am_cv_CC_dependencies_compiler_type=gcc3
am_cv_CXX_dependencies_compiler_type=gcc3
am_cv_ar_interface=ar
am_cv_make_support_nested_variables=yes
am_cv_prog_cc_c_o=yes
am_cv_prog_tar_ustar=gnutar
ax_cv_ld_check_flag__Wl__z_now=no
ax_cv_ld_check_flag__Wl__z_relro=no
lt_cv_apple_cc_single_mod=yes
lt_cv_ar_at_file=no
lt_cv_deplibs_check_method=pass_all
lt_cv_file_magic_cmd='$MAGIC_CMD'
lt_cv_file_magic_test_file=
lt_cv_ld_exported_symbols_list=yes
lt_cv_ld_force_load=yes
lt_cv_ld_reload_flag=-r
lt_cv_nm_interface='BSD nm'
lt_cv_objdir=.libs
lt_cv_path_LD=/Applications/Xcode.app/Contents/Developer/Toolchains/XcodeDefault.xctoolchain/usr/bin/ld
lt_cv_path_LDCXX=/Applications/Xcode.app/Contents/Developer/Toolchains/XcodeDefault.xctoolchain/usr/bin/ld
lt_cv_path_NM=/usr/bin/nm
lt_cv_path_mainfest_tool=no
lt_cv_prog_compiler_c_o=yes
lt_cv_prog_compiler_c_o_CXX=yes
lt_cv_prog_compiler_pic='-fno-common -DPIC'
lt_cv_prog_compiler_pic_CXX='-fno-common -DPIC'
lt_cv_prog_compiler_pic_works=yes
lt_cv_prog_compiler_pic_works_CXX=yes
lt_cv_prog_compiler_rtti_exceptions=yes
lt_cv_prog_compiler_static_works=no
lt_cv_prog_compiler_static_works_CXX=no
lt_cv_prog_gnu_ld=no
lt_cv_prog_gnu_ldcxx=no
lt_cv_sharedlib_from_linklib_cmd='printf %s\n'
lt_cv_sys_global_symbol_pipe='sed -n -e '\''s/^.*[	 ]\([BCDEGRST][BCDEGRST]*\)[	 ][	 ]*_\([_A-Za-z][_A-Za-z0-9]*\)$/\1 _\2 \2/p'\'' | sed '\''/ __gnu_lto/d'\'''
lt_cv_sys_global_symbol_to_c_name_address='sed -n -e '\''s/^: \(.*\) .*$/  {"\1", (void *) 0},/p'\'' -e '\''s/^[BCDEGRST][BCDEGRST]* .* \(.*\)$/  {"\1", (void *) \&\1},/p'\'''
lt_cv_sys_global_symbol_to_c_name_address_lib_prefix='sed -n -e '\''s/^: \(.*\) .*$/  {"\1", (void *) 0},/p'\'' -e '\''s/^[BCDEGRST][BCDEGRST]* .* \(lib.*\)$/  {"\1", (void *) \&\1},/p'\'' -e '\''s/^[BCDEGRST][BCDEGRST]* .* \(.*\)$/  {"lib\1", (void *) \&\1},/p'\'''
lt_cv_sys_global_symbol_to_cdecl='sed -n -e '\''s/^T .* \(.*\)$/extern int \1();/p'\'' -e '\''s/^[BCDEGRST][BCDEGRST]* .* \(.*\)$/extern char \1;/p'\'''
lt_cv_sys_global_symbol_to_import=
lt_cv_sys_max_cmd_len=196608
lt_cv_to_host_file_cmd=func_convert_file_noop
lt_cv_to_tool_file_cmd=func_convert_file_noop
lt_cv_truncate_bin='/bin/dd bs=4096 count=1'

## ----------------- ##
## Output variables. ##
## ----------------- ##

ACLOCAL='${SHELL} /Users/rtroncoso/code/algoritmos/tp1/tp_algo/missing aclocal-1.15'
AMDEPBACKSLASH='\'
AMDEP_FALSE='#'
AMDEP_TRUE=''
AMTAR='$${TAR-tar}'
AM_BACKSLASH='\'
AM_DEFAULT_V='$(AM_DEFAULT_VERBOSITY)'
AM_DEFAULT_VERBOSITY='0'
AM_V='$(V)'
AR='ar'
AUTOCONF='${SHELL} /Users/rtroncoso/code/algoritmos/tp1/tp_algo/missing autoconf'
AUTOHEADER='${SHELL} /Users/rtroncoso/code/algoritmos/tp1/tp_algo/missing autoheader'
AUTOMAKE='${SHELL} /Users/rtroncoso/code/algoritmos/tp1/tp_algo/missing automake-1.15'
AWK='awk'
CC='gcc'
CCDEPMODE='depmode=gcc3'
CFLAGS='-g -O2'
CPP='gcc -E'
CPPFLAGS=''
CXX='g++'
CXXCPP='g++ -E'
CXXDEPMODE='depmode=gcc3'
CXXFLAGS='-g -O2'
CYGPATH_W='echo'
DEFS=''
DEPDIR='.deps'
DLLTOOL='false'
DSYMUTIL='dsymutil'
DUMPBIN=''
ECHO_C='\c'
ECHO_N=''
ECHO_T=''
EGREP='/usr/bin/grep -E'
EXEEXT=''
FGREP='/usr/bin/grep -F'
GREP='/usr/bin/grep'
INSTALL_DATA='${INSTALL} -m 644'
INSTALL_PROGRAM='${INSTALL}'
INSTALL_SCRIPT='${INSTALL}'
INSTALL_STRIP_PROGRAM='$(install_sh) -c -s'
JANSSON_CFLAGS=''
JANSSON_LIBS=''
LD='/Applications/Xcode.app/Contents/Developer/Toolchains/XcodeDefault.xctoolchain/usr/bin/ld'
LDFLAGS=''
LIBOBJS=''
LIBS=''
LIBTOOL='$(SHELL) $(top_builddir)/libtool'
LIPO='lipo'
LN_S='ln -s'
LTLIBOBJS=''
LT_SYS_LIBRARY_PATH=''
MAINT='#'
MAINTAINER_MODE_FALSE=''
MAINTAINER_MODE_TRUE='#'
MAKEINFO='${SHELL} /Users/rtroncoso/code/algoritmos/tp1/tp_algo/missing makeinfo'
MANIFEST_TOOL=':'
MKDIR_P='./install-sh -c -d'
MORE_CFLAGS=' -fdiagnostics-show-option -pipe -Wall -W -Wextra -Wformat -Wformat-security -Wfatal-errors -Wcast-align -Winline -fstack-protector -Wno-unused-parameter -Wno-missing-field-initializers'
MORE_CPPFLAGS=' -D_FORTIFY_SOURCE=2 -D_GNU_SOURCE'
MORE_LDFLAGS=''
NM='/usr/bin/nm'
NMEDIT='nmedit'
OBJDUMP='false'
OBJEXT='o'
OTOOL64=':'
OTOOL='otool'
PACKAGE='tp_algo'
PACKAGE_BUGREPORT='rod.tronco@gmail.com'
PACKAGE_NAME='tp_algo'
PACKAGE_STRING='tp_algo 2015-11-23'
PACKAGE_TARNAME='tp_algo'
PACKAGE_URL=''
PACKAGE_VERSION='2015-11-23'
PATH_SEPARATOR=':'
PKG_CONFIG='/usr/local/bin/pkg-config'
PKG_CONFIG_LIBDIR=''
PKG_CONFIG_PATH=''
RANLIB='ranlib'
SED='/usr/bin/sed'
SET_MAKE=''
SHELL='/bin/sh'
STRIP='strip'
VERSION='2015-11-23'
ac_ct_AR='ar'
ac_ct_CC='gcc'
ac_ct_CXX='g++'
ac_ct_DUMPBIN=''
am__EXEEXT_FALSE=''
am__EXEEXT_TRUE=''
am__fastdepCC_FALSE='#'
am__fastdepCC_TRUE=''
am__fastdepCXX_FALSE='#'
am__fastdepCXX_TRUE=''
am__include='include'
am__isrc=''
am__leading_dot='.'
am__nodep='_no'
am__quote=''
am__tar='tar --format=ustar -chf - "$$tardir"'
am__untar='tar -xf -'
bindir='${exec_prefix}/bin'
build='x86_64-apple-darwin15.0.0'
build_alias=''
build_cpu='x86_64'
build_os='darwin15.0.0'
build_vendor='apple'
datadir='${datarootdir}'
datarootdir='${prefix}/share'
docdir='${datarootdir}/doc/${PACKAGE_TARNAME}'
dvidir='${docdir}'
exec_prefix='NONE'
host='x86_64-apple-darwin15.0.0'
host_alias=''
host_cpu='x86_64'
host_os='darwin15.0.0'
host_vendor='apple'
htmldir='${docdir}'
includedir='${prefix}/include'
infodir='${datarootdir}/info'
install_sh='${SHELL} /Users/rtroncoso/code/algoritmos/tp1/tp_algo/install-sh'
libdir='${exec_prefix}/lib'
libexecdir='${exec_prefix}/libexec'
localedir='${datarootdir}/locale'
localstatedir='${prefix}/var'
mandir='${datarootdir}/man'
mkdir_p='$(MKDIR_P)'
oldincludedir='/usr/include'
pdfdir='${docdir}'
prefix='NONE'
program_transform_name='s,x,x,'
psdir='${docdir}'
sbindir='${exec_prefix}/sbin'
sharedstatedir='${prefix}/com'
sysconfdir='${prefix}/etc'
target_alias=''

## ----------- ##
## confdefs.h. ##
## ----------- ##

/* confdefs.h */
#define PACKAGE_NAME "tp_algo"
#define PACKAGE_TARNAME "tp_algo"
#define PACKAGE_VERSION "2015-11-23"
#define PACKAGE_STRING "tp_algo 2015-11-23"
#define PACKAGE_BUGREPORT "rod.tronco@gmail.com"
#define PACKAGE_URL ""
#define PACKAGE "tp_algo"
#define VERSION "2015-11-23"
#define STDC_HEADERS 1
#define HAVE_SYS_TYPES_H 1
#define HAVE_SYS_STAT_H 1
#define HAVE_STDLIB_H 1
#define HAVE_STRING_H 1
#define HAVE_MEMORY_H 1
#define HAVE_STRINGS_H 1
#define HAVE_INTTYPES_H 1
#define HAVE_STDINT_H 1
#define HAVE_UNISTD_H 1
#define HAVE_DLFCN_H 1
#define LT_OBJDIR ".libs/"

configure: exit 1
